YMusic/builds/16/logs/manifest-merger-standard-release-report.txt
-- Merging decision tree log ---
manifest
ADDED from src/main/AndroidManifest.xml:2:1-253:12
	package
		ADDED from src/main/AndroidManifest.xml:4:5-33
		INJECTED from src/main/AndroidManifest.xml
		INJECTED from src/main/AndroidManifest.xml
	android:versionName
		INJECTED from src/main/AndroidManifest.xml
		INJECTED from src/main/AndroidManifest.xml
	xmlns:tools
		ADDED from src/main/AndroidManifest.xml:3:5-51
	xmlns:android
		ADDED from src/main/AndroidManifest.xml:2:11-69
	android:versionCode
		INJECTED from src/main/AndroidManifest.xml
		INJECTED from src/main/AndroidManifest.xml
uses-permission#android.permission.READ_EXTERNAL_STORAGE
ADDED from src/main/AndroidManifest.xml:6:5-80
	android:name
		ADDED from src/main/AndroidManifest.xml:6:22-77
uses-permission#android.permission.WRITE_EXTERNAL_STORAGE
ADDED from src/main/AndroidManifest.xml:7:5-81
	android:name
		ADDED from src/main/AndroidManifest.xml:7:22-78
uses-permission#android.permission.INTERNET
ADDED from src/main/AndroidManifest.xml:8:5-67
MERGED from [com.google.firebase:firebase-crash:9.8.0] AndroidManifest.xml:18:5-66
MERGED from [com.google.android.gms:play-services-ads-lite:9.8.0] AndroidManifest.xml:19:5-66
MERGED from [com.google.firebase:firebase-analytics:9.8.0] AndroidManifest.xml:20:5-66
MERGED from [com.google.firebase:firebase-analytics-impl:9.8.0] AndroidManifest.xml:20:5-66
MERGED from [com.google.firebase:firebase-iid:9.8.0] AndroidManifest.xml:20:5-66
	android:name
		ADDED from src/main/AndroidManifest.xml:8:22-64
uses-permission#android.permission.ACCESS_NETWORK_STATE
ADDED from src/main/AndroidManifest.xml:9:5-79
MERGED from [com.google.android.gms:play-services-ads-lite:9.8.0] AndroidManifest.xml:20:5-78
MERGED from [com.google.firebase:firebase-analytics:9.8.0] AndroidManifest.xml:21:5-78
MERGED from [com.google.firebase:firebase-analytics-impl:9.8.0] AndroidManifest.xml:21:5-78
MERGED from [com.google.firebase:firebase-iid:9.8.0] AndroidManifest.xml:19:5-78
	android:name
		ADDED from src/main/AndroidManifest.xml:9:22-76
uses-permission#android.permission.WAKE_LOCK
ADDED from src/main/AndroidManifest.xml:10:5-68
MERGED from [com.google.firebase:firebase-analytics:9.8.0] AndroidManifest.xml:22:5-67
MERGED from [com.google.firebase:firebase-analytics-impl:9.8.0] AndroidManifest.xml:22:5-67
MERGED from [com.google.firebase:firebase-iid:9.8.0] AndroidManifest.xml:21:5-67
	android:name
		ADDED from src/main/AndroidManifest.xml:10:22-65
uses-permission#com.android.launcher.permission.INSTALL_SHORTCUT
ADDED from src/main/AndroidManifest.xml:11:5-88
	android:name
		ADDED from src/main/AndroidManifest.xml:11:22-85
supports-screens
ADDED from src/main/AndroidManifest.xml:13:5-16:48
	android:largeScreens
		ADDED from src/main/AndroidManifest.xml:14:9-36
	android:requiresSmallestWidthDp
		ADDED from src/main/AndroidManifest.xml:16:9-46
	android:xlargeScreens
		ADDED from src/main/AndroidManifest.xml:15:9-37
application
ADDED from src/main/AndroidManifest.xml:18:5-252:19
MERGED from [YMusic-V2:heterogeneousadapter:unspecified] AndroidManifest.xml:11:5-53
MERGED from [YMusic-V2:seekarc:unspecified] AndroidManifest.xml:34:5-35:19
MERGED from [com.android.support:design:25.1.0] AndroidManifest.xml:25:5-20
MERGED from [com.android.support:transition:25.1.0] AndroidManifest.xml:22:5-20
MERGED from [com.android.support:palette-v7:25.1.0] AndroidManifest.xml:22:5-23:19
MERGED from [com.android.support:cardview-v7:25.1.0] AndroidManifest.xml:22:5-20
MERGED from [com.android.support:preference-v14:25.1.0] AndroidManifest.xml:9:5-20
MERGED from [com.android.support:preference-v7:25.1.0] AndroidManifest.xml:9:5-20
MERGED from [com.android.support:appcompat-v7:25.1.0] AndroidManifest.xml:25:5-20
MERGED from [com.android.support:animated-vector-drawable:25.1.0] AndroidManifest.xml:22:5-20
MERGED from [com.android.support:support-vector-drawable:25.1.0] AndroidManifest.xml:23:5-20
MERGED from [com.tbruyelle.rxpermissions:rxpermissions:0.7.0] AndroidManifest.xml:10:5-15:19
MERGED from [nl.littlerobots.rxlint:rxlint:1.0] AndroidManifest.xml:12:5-20
MERGED from [com.jakewharton.timber:timber:4.1.2] AndroidManifest.xml:8:5-20
MERGED from [com.google.firebase:firebase-core:9.8.0] AndroidManifest.xml:5:5-20
MERGED from [com.google.firebase:firebase-auth:9.8.0] AndroidManifest.xml:19:5-20:19
MERGED from [com.google.firebase:firebase-auth-common:9.8.0] AndroidManifest.xml:19:5-20:19
MERGED from [com.google.firebase:firebase-crash:9.8.0] AndroidManifest.xml:22:5-23:19
MERGED from [com.google.firebase:firebase-ads:9.8.0] AndroidManifest.xml:5:5-20
MERGED from [com.google.android.gms:play-services-ads-lite:9.8.0] AndroidManifest.xml:23:5-27:19
MERGED from [com.google.android.gms:play-services-clearcut:9.8.0] AndroidManifest.xml:18:5-19
MERGED from [com.google.android.gms:play-services-gass:9.8.0] AndroidManifest.xml:4:5-19
MERGED from [com.google.firebase:firebase-analytics:9.8.0] AndroidManifest.xml:24:5-33:19
MERGED from [com.google.firebase:firebase-analytics-impl:9.8.0] AndroidManifest.xml:24:5-28:19
MERGED from [com.google.firebase:firebase-iid:9.8.0] AndroidManifest.xml:28:5-50:19
MERGED from [com.google.firebase:firebase-common:9.8.0] AndroidManifest.xml:4:5-7:19
MERGED from [com.google.android.gms:play-services-auth:9.8.0] AndroidManifest.xml:19:5-25:19
MERGED from [com.google.android.gms:play-services-base:9.8.0] AndroidManifest.xml:18:5-20:19
MERGED from [com.google.android.gms:play-services-tasks:9.8.0] AndroidManifest.xml:4:5-19
MERGED from [com.google.android.gms:play-services-basement:9.8.0] AndroidManifest.xml:19:5-21:19
MERGED from [com.android.support:support-v4:25.1.0] AndroidManifest.xml:25:5-20
MERGED from [com.android.support:support-fragment:25.1.0] AndroidManifest.xml:25:5-20
MERGED from [com.android.support:support-media-compat:25.1.0] AndroidManifest.xml:25:5-20
MERGED from [com.android.support:support-core-ui:25.1.0] AndroidManifest.xml:25:5-20
MERGED from [com.android.support:support-core-utils:25.1.0] AndroidManifest.xml:25:5-20
MERGED from [com.android.support:support-compat:25.1.0] AndroidManifest.xml:25:5-20
	android:label
		ADDED from src/main/AndroidManifest.xml:22:9-41
	android:fullBackupContent
		ADDED from src/main/AndroidManifest.xml:21:9-42
	android:resizeableActivity
		ADDED from src/main/AndroidManifest.xml:24:9-42
	tools:ignore
		ADDED from src/main/AndroidManifest.xml:25:9-39
	android:allowBackup
		ADDED from src/main/AndroidManifest.xml:19:9-35
	android:icon
		ADDED from src/main/AndroidManifest.xml:20:9-50
	android:name
		ADDED from src/main/AndroidManifest.xml:23:9-47
activity#com.github.khangnt.ymusic.activity.StartUpActivity
ADDED from src/main/AndroidManifest.xml:27:9-34:20
	android:label
		ADDED from src/main/AndroidManifest.xml:28:13-45
	android:theme
		ADDED from src/main/AndroidManifest.xml:29:13-50
	android:name
		ADDED from src/main/AndroidManifest.xml:27:19-66
intent-filter#android.intent.action.MAIN+android.intent.category.LAUNCHER
ADDED from src/main/AndroidManifest.xml:30:13-33:29
action#android.intent.action.MAIN
ADDED from src/main/AndroidManifest.xml:31:17-69
	android:name
		ADDED from src/main/AndroidManifest.xml:31:25-66
category#android.intent.category.LAUNCHER
ADDED from src/main/AndroidManifest.xml:32:17-77
	android:name
		ADDED from src/main/AndroidManifest.xml:32:27-74
activity#com.marverenic.music.activity.MainActivity
ADDED from src/main/AndroidManifest.xml:37:9-39:49
	android:windowSoftInputMode
		ADDED from src/main/AndroidManifest.xml:38:13-66
	android:theme
		ADDED from src/main/AndroidManifest.xml:39:13-47
	android:name
		ADDED from src/main/AndroidManifest.xml:37:19-76
activity-alias#com.github.khangnt.activity.LibraryActivity
ADDED from src/main/AndroidManifest.xml:41:9-51:26
	android:targetActivity
		ADDED from src/main/AndroidManifest.xml:43:13-80
	android:icon
		ADDED from src/main/AndroidManifest.xml:44:13-47
	android:name
		ADDED from src/main/AndroidManifest.xml:42:13-53
intent-filter#android.intent.action.MAIN+com.anddoes.launcher.THEME
ADDED from src/main/AndroidManifest.xml:45:13-48:29
category#com.anddoes.launcher.THEME
ADDED from src/main/AndroidManifest.xml:47:17-71
	android:name
		ADDED from src/main/AndroidManifest.xml:47:27-68
meta-data#android.app.shortcuts
ADDED from src/main/AndroidManifest.xml:50:13-96
	android:resource
		ADDED from src/main/AndroidManifest.xml:50:61-94
	android:name
		ADDED from src/main/AndroidManifest.xml:50:24-60
activity-alias#com.github.khangnt.activity.LibraryActivity$Red
ADDED from src/main/AndroidManifest.xml:53:9-64:26
	android:enabled
		ADDED from src/main/AndroidManifest.xml:57:13-36
	android:targetActivity
		ADDED from src/main/AndroidManifest.xml:55:13-80
	android:icon
		ADDED from src/main/AndroidManifest.xml:56:13-51
	android:name
		ADDED from src/main/AndroidManifest.xml:54:13-57
activity-alias#com.github.khangnt.activity.LibraryActivity$Orange
ADDED from src/main/AndroidManifest.xml:66:9-77:26
	android:enabled
		ADDED from src/main/AndroidManifest.xml:70:13-36
	android:targetActivity
		ADDED from src/main/AndroidManifest.xml:68:13-80
	android:icon
		ADDED from src/main/AndroidManifest.xml:69:13-54
	android:name
		ADDED from src/main/AndroidManifest.xml:67:13-60
activity-alias#com.github.khangnt.activity.LibraryActivity$Yellow
ADDED from src/main/AndroidManifest.xml:79:9-90:26
	android:enabled
		ADDED from src/main/AndroidManifest.xml:83:13-36
	android:targetActivity
		ADDED from src/main/AndroidManifest.xml:81:13-80
	android:icon
		ADDED from src/main/AndroidManifest.xml:82:13-54
	android:name
		ADDED from src/main/AndroidManifest.xml:80:13-60
activity-alias#com.github.khangnt.activity.LibraryActivity$Green
ADDED from src/main/AndroidManifest.xml:92:9-103:26
	android:enabled
		ADDED from src/main/AndroidManifest.xml:96:13-36
	android:targetActivity
		ADDED from src/main/AndroidManifest.xml:94:13-80
	android:icon
		ADDED from src/main/AndroidManifest.xml:95:13-53
	android:name
		ADDED from src/main/AndroidManifest.xml:93:13-59
activity-alias#com.github.khangnt.activity.LibraryActivity$Purple
ADDED from src/main/AndroidManifest.xml:105:9-116:26
	android:enabled
		ADDED from src/main/AndroidManifest.xml:109:13-36
	android:targetActivity
		ADDED from src/main/AndroidManifest.xml:107:13-80
	android:icon
		ADDED from src/main/AndroidManifest.xml:108:13-54
	android:name
		ADDED from src/main/AndroidManifest.xml:106:13-60
activity-alias#com.github.khangnt.activity.LibraryActivity$Grey
ADDED from src/main/AndroidManifest.xml:118:9-129:26
	android:enabled
		ADDED from src/main/AndroidManifest.xml:122:13-36
	android:targetActivity
		ADDED from src/main/AndroidManifest.xml:120:13-80
	android:icon
		ADDED from src/main/AndroidManifest.xml:121:13-52
	android:name
		ADDED from src/main/AndroidManifest.xml:119:13-58
activity-alias#com.github.khangnt.activity.LibraryActivity$Black
ADDED from src/main/AndroidManifest.xml:131:9-142:26
	android:enabled
		ADDED from src/main/AndroidManifest.xml:135:13-36
	android:targetActivity
		ADDED from src/main/AndroidManifest.xml:133:13-80
	android:icon
		ADDED from src/main/AndroidManifest.xml:134:13-53
	android:name
		ADDED from src/main/AndroidManifest.xml:132:13-59
activity#com.marverenic.music.activity.SearchActivity
ADDED from src/main/AndroidManifest.xml:145:9-148:68
	android:label
		ADDED from src/main/AndroidManifest.xml:147:13-50
	android:windowSoftInputMode
		ADDED from src/main/AndroidManifest.xml:148:13-66
	android:name
		ADDED from src/main/AndroidManifest.xml:146:13-72
activity#com.github.khangnt.ymusic.activity.ExploreActivity
ADDED from src/main/AndroidManifest.xml:151:9-153:38
	android:label
		ADDED from src/main/AndroidManifest.xml:153:13-36
	android:theme
		ADDED from src/main/AndroidManifest.xml:152:13-51
	android:name
		ADDED from src/main/AndroidManifest.xml:151:19-66
activity#com.marverenic.music.activity.instance.PlaylistActivity
ADDED from src/main/AndroidManifest.xml:154:9-156:68
	android:windowSoftInputMode
		ADDED from src/main/AndroidManifest.xml:156:13-66
	android:name
		ADDED from src/main/AndroidManifest.xml:155:13-83
activity#com.marverenic.music.activity.instance.AutoPlaylistActivity
ADDED from src/main/AndroidManifest.xml:157:9-159:68
	android:windowSoftInputMode
		ADDED from src/main/AndroidManifest.xml:159:13-66
	android:name
		ADDED from src/main/AndroidManifest.xml:158:13-87
activity#com.marverenic.music.activity.instance.AlbumActivity
ADDED from src/main/AndroidManifest.xml:160:9-162:68
	android:windowSoftInputMode
		ADDED from src/main/AndroidManifest.xml:162:13-66
	android:name
		ADDED from src/main/AndroidManifest.xml:161:13-80
activity#com.marverenic.music.activity.instance.ArtistActivity
ADDED from src/main/AndroidManifest.xml:163:9-165:68
	android:windowSoftInputMode
		ADDED from src/main/AndroidManifest.xml:165:13-66
	android:name
		ADDED from src/main/AndroidManifest.xml:164:13-81
activity#com.marverenic.music.activity.instance.GenreActivity
ADDED from src/main/AndroidManifest.xml:166:9-168:68
	android:windowSoftInputMode
		ADDED from src/main/AndroidManifest.xml:168:13-66
	android:name
		ADDED from src/main/AndroidManifest.xml:167:13-80
activity#com.marverenic.music.activity.instance.AutoPlaylistEditActivity
ADDED from src/main/AndroidManifest.xml:169:9-170:94
	android:name
		ADDED from src/main/AndroidManifest.xml:170:13-91
activity#com.marverenic.music.activity.NowPlayingActivity
ADDED from src/main/AndroidManifest.xml:173:9-176:58
	android:label
		ADDED from src/main/AndroidManifest.xml:175:13-55
	android:windowSoftInputMode
		ADDED from src/main/AndroidManifest.xml:176:13-56
	android:name
		ADDED from src/main/AndroidManifest.xml:174:13-76
activity-alias#com.github.khangnt.SearchWithJockey
ADDED from src/main/AndroidManifest.xml:179:9-189:26
	android:label
		ADDED from src/main/AndroidManifest.xml:181:13-45
	android:targetActivity
		ADDED from src/main/AndroidManifest.xml:182:13-82
	android:name
		ADDED from src/main/AndroidManifest.xml:180:13-45
intent-filter#android.intent.action.MEDIA_SEARCH+android.intent.category.DEFAULT+android.media.action.MEDIA_PLAY_FROM_SEARCH
ADDED from src/main/AndroidManifest.xml:183:13-188:29
action#android.media.action.MEDIA_PLAY_FROM_SEARCH
ADDED from src/main/AndroidManifest.xml:184:17-86
	android:name
		ADDED from src/main/AndroidManifest.xml:184:25-83
action#android.intent.action.MEDIA_SEARCH
ADDED from src/main/AndroidManifest.xml:185:17-77
	android:name
		ADDED from src/main/AndroidManifest.xml:185:25-74
category#android.intent.category.DEFAULT
ADDED from src/main/AndroidManifest.xml:187:17-76
	android:name
		ADDED from src/main/AndroidManifest.xml:187:27-73
activity-alias#com.github.khangnt.PlayWithJockey
ADDED from src/main/AndroidManifest.xml:192:9-210:26
	android:label
		ADDED from src/main/AndroidManifest.xml:194:13-45
	android:targetActivity
		ADDED from src/main/AndroidManifest.xml:195:13-86
	android:name
		ADDED from src/main/AndroidManifest.xml:193:13-43
intent-filter#android.intent.action.VIEW+android.intent.category.DEFAULT
ADDED from src/main/AndroidManifest.xml:196:13-209:29
action#android.intent.action.VIEW
ADDED from src/main/AndroidManifest.xml:197:17-69
	android:name
		ADDED from src/main/AndroidManifest.xml:197:25-66
data
ADDED from src/main/AndroidManifest.xml:200:17-47
	android:scheme
		ADDED from src/main/AndroidManifest.xml:200:23-44
activity#com.marverenic.music.activity.AboutActivity
ADDED from src/main/AndroidManifest.xml:213:9-80
	android:name
		ADDED from src/main/AndroidManifest.xml:213:19-77
activity#com.marverenic.music.activity.SettingsActivity
ADDED from src/main/AndroidManifest.xml:216:9-224:20
	android:screenOrientation
		ADDED from src/main/AndroidManifest.xml:219:13-49
	android:label
		ADDED from src/main/AndroidManifest.xml:218:13-52
	android:name
		ADDED from src/main/AndroidManifest.xml:217:13-74
intent-filter#.PREFERENCES+android.intent.category.preference
ADDED from src/main/AndroidManifest.xml:220:13-223:29
action#.PREFERENCES
ADDED from src/main/AndroidManifest.xml:221:17-55
	android:name
		ADDED from src/main/AndroidManifest.xml:221:25-52
category#android.intent.category.preference
ADDED from src/main/AndroidManifest.xml:222:17-79
	android:name
		ADDED from src/main/AndroidManifest.xml:222:27-76
service#com.marverenic.music.player.PlayerService
ADDED from src/main/AndroidManifest.xml:227:9-235:19
	android:process
		ADDED from src/main/AndroidManifest.xml:229:13-45
	android:exported
		ADDED from src/main/AndroidManifest.xml:230:13-37
	android:name
		ADDED from src/main/AndroidManifest.xml:228:13-69
intent-filter#Jockey.PlayerService+android.intent.action.MEDIA_BUTTON
ADDED from src/main/AndroidManifest.xml:231:13-234:29
action#Jockey.PlayerService
ADDED from src/main/AndroidManifest.xml:232:17-63
	android:name
		ADDED from src/main/AndroidManifest.xml:232:25-60
action#android.intent.action.MEDIA_BUTTON
ADDED from src/main/AndroidManifest.xml:233:17-77
	android:name
		ADDED from src/main/AndroidManifest.xml:233:25-74
receiver#android.support.v4.media.session.MediaButtonReceiver
ADDED from src/main/AndroidManifest.xml:238:9-242:20
	android:name
		ADDED from src/main/AndroidManifest.xml:238:19-86
intent-filter#android.intent.action.MEDIA_BUTTON
ADDED from src/main/AndroidManifest.xml:239:13-241:29
receiver#com.marverenic.music.player.PlayerController$Listener
ADDED from src/main/AndroidManifest.xml:244:9-251:20
	android:exported
		ADDED from src/main/AndroidManifest.xml:245:13-37
	android:name
		ADDED from src/main/AndroidManifest.xml:244:19-87
intent-filter#jockey.player.ERROR+jockey.player.INFO+jockey.player.REFRESH
ADDED from src/main/AndroidManifest.xml:246:13-250:29
	android:priority
		ADDED from src/main/AndroidManifest.xml:246:28-50
action#jockey.player.REFRESH
ADDED from src/main/AndroidManifest.xml:247:17-63
	android:name
		ADDED from src/main/AndroidManifest.xml:247:25-61
action#jockey.player.INFO
ADDED from src/main/AndroidManifest.xml:248:17-60
	android:name
		ADDED from src/main/AndroidManifest.xml:248:25-58
action#jockey.player.ERROR
ADDED from src/main/AndroidManifest.xml:249:17-61
	android:name
		ADDED from src/main/AndroidManifest.xml:249:25-59
uses-sdk
INJECTED from src/main/AndroidManifest.xml reason: use-sdk injection requested
MERGED from [YMusic-V2:heterogeneousadapter:unspecified] AndroidManifest.xml:7:5-9:41
MERGED from [YMusic-V2:seekarc:unspecified] AndroidManifest.xml:30:5-32:41
MERGED from [com.android.support:design:25.1.0] AndroidManifest.xml:21:5-23:62
MERGED from [com.android.support:transition:25.1.0] AndroidManifest.xml:20:5-44
MERGED from [com.android.support:palette-v7:25.1.0] AndroidManifest.xml:20:5-43
MERGED from [com.android.support:cardview-v7:25.1.0] AndroidManifest.xml:20:5-43
MERGED from [com.android.support:preference-v14:25.1.0] AndroidManifest.xml:7:5-44
MERGED from [com.android.support:preference-v7:25.1.0] AndroidManifest.xml:7:5-43
MERGED from [com.android.support:recyclerview-v7:25.1.0] AndroidManifest.xml:20:5-43
MERGED from [com.google.android.exoplayer:exoplayer:r2.0.4] AndroidManifest.xml:21:5-23:41
MERGED from [com.h6ah4i.android.widget.verticalseekbar:verticalseekbar:0.5.2] AndroidManifest.xml:23:5-25:41
MERGED from [com.trello:rxlifecycle-components:0.6.1] AndroidManifest.xml:17:5-44
MERGED from [com.trello:rxlifecycle:0.6.1] AndroidManifest.xml:17:5-44
MERGED from [com.jakewharton.rxbinding:rxbinding:0.4.0] AndroidManifest.xml:6:5-44
MERGED from [io.reactivex:rxandroid:1.2.1] AndroidManifest.xml:19:5-43
MERGED from [com.android.support:appcompat-v7:25.1.0] AndroidManifest.xml:21:5-23:78
MERGED from [com.android.support:animated-vector-drawable:25.1.0] AndroidManifest.xml:20:5-44
MERGED from [com.android.support:support-vector-drawable:25.1.0] AndroidManifest.xml:21:5-43
MERGED from [com.tbruyelle.rxpermissions:rxpermissions:0.7.0] AndroidManifest.xml:6:5-8:41
MERGED from [nl.littlerobots.rxlint:rxlint:1.0] AndroidManifest.xml:8:5-10:41
MERGED from [com.jakewharton.timber:timber:4.1.2] AndroidManifest.xml:6:5-44
MERGED from [com.google.firebase:firebase-core:9.8.0] AndroidManifest.xml:4:5-42
MERGED from [com.google.firebase:firebase-database:9.8.0] AndroidManifest.xml:3:5-42
MERGED from [com.google.firebase:firebase-database-connection:9.8.0] AndroidManifest.xml:3:5-42
MERGED from [com.google.firebase:firebase-auth:9.8.0] AndroidManifest.xml:17:5-42
MERGED from [com.google.firebase:firebase-auth-common:9.8.0] AndroidManifest.xml:17:5-42
MERGED from [com.google.firebase:firebase-auth-module:9.8.0] AndroidManifest.xml:3:5-42
MERGED from [com.google.firebase:firebase-crash:9.8.0] AndroidManifest.xml:20:5-42
MERGED from [com.google.firebase:firebase-ads:9.8.0] AndroidManifest.xml:4:5-42
MERGED from [com.google.android.gms:play-services-ads:9.8.0] AndroidManifest.xml:17:5-42
MERGED from [com.google.android.gms:play-services-ads-lite:9.8.0] AndroidManifest.xml:22:5-42
MERGED from [com.google.android.gms:play-services-clearcut:9.8.0] AndroidManifest.xml:17:5-42
MERGED from [com.google.android.gms:play-services-gass:9.8.0] AndroidManifest.xml:3:5-42
MERGED from [com.google.firebase:firebase-analytics:9.8.0] AndroidManifest.xml:17:5-42
MERGED from [com.google.firebase:firebase-analytics-impl:9.8.0] AndroidManifest.xml:17:5-42
MERGED from [com.google.firebase:firebase-iid:9.8.0] AndroidManifest.xml:17:5-42
MERGED from [com.google.firebase:firebase-common:9.8.0] AndroidManifest.xml:3:5-42
MERGED from [com.google.android.gms:play-services-auth:9.8.0] AndroidManifest.xml:17:5-42
MERGED from [com.google.android.gms:play-services-auth-base:9.8.0] AndroidManifest.xml:4:5-42
MERGED from [com.google.android.gms:play-services-base:9.8.0] AndroidManifest.xml:17:5-42
MERGED from [com.google.android.gms:play-services-tasks:9.8.0] AndroidManifest.xml:3:5-42
MERGED from [com.google.android.gms:play-services-basement:9.8.0] AndroidManifest.xml:17:5-42
MERGED from [com.android.support:multidex:1.0.1] AndroidManifest.xml:18:5-42
MERGED from [com.wang.avi:library:2.1.3] AndroidManifest.xml:7:5-9:41
MERGED from [com.android.databinding:adapters:1.2.1] AndroidManifest.xml:22:5-24:41
MERGED from [com.android.databinding:library:1.2.1] AndroidManifest.xml:22:5-24:41
MERGED from [com.android.support:support-v4:25.1.0] AndroidManifest.xml:21:5-23:54
MERGED from [com.android.support:support-fragment:25.1.0] AndroidManifest.xml:21:5-23:60
MERGED from [com.android.support:support-media-compat:25.1.0] AndroidManifest.xml:21:5-23:63
MERGED from [com.android.support:support-core-ui:25.1.0] AndroidManifest.xml:21:5-23:58
MERGED from [com.android.support:support-core-utils:25.1.0] AndroidManifest.xml:21:5-23:61
MERGED from [com.android.support:support-compat:25.1.0] AndroidManifest.xml:21:5-23:58
	tools:overrideLibrary
		ADDED from [com.android.support:design:25.1.0] AndroidManifest.xml:23:9-59
	android:targetSdkVersion
		INJECTED from src/main/AndroidManifest.xml
		INJECTED from src/main/AndroidManifest.xml
	android:minSdkVersion
		INJECTED from src/main/AndroidManifest.xml
		INJECTED from src/main/AndroidManifest.xml
activity#com.tbruyelle.rxpermissions.ShadowActivity
ADDED from [com.tbruyelle.rxpermissions:rxpermissions:0.7.0] AndroidManifest.xml:11:9-14:75
	android:launchMode
		ADDED from [com.tbruyelle.rxpermissions:rxpermissions:0.7.0] AndroidManifest.xml:13:13-43
	android:theme
		ADDED from [com.tbruyelle.rxpermissions:rxpermissions:0.7.0] AndroidManifest.xml:14:13-72
	android:name
		ADDED from [com.tbruyelle.rxpermissions:rxpermissions:0.7.0] AndroidManifest.xml:12:13-70
activity#com.google.android.gms.ads.AdActivity
ADDED from [com.google.android.gms:play-services-ads-lite:9.8.0] AndroidManifest.xml:25:9-232
	android:configChanges
		ADDED from [com.google.android.gms:play-services-ads-lite:9.8.0] AndroidManifest.xml:25:72-181
	android:theme
		ADDED from [com.google.android.gms:play-services-ads-lite:9.8.0] AndroidManifest.xml:25:182-230
	android:name
		ADDED from [com.google.android.gms:play-services-ads-lite:9.8.0] AndroidManifest.xml:25:19-71
activity#com.google.android.gms.ads.purchase.InAppPurchaseActivity
ADDED from [com.google.android.gms:play-services-ads-lite:9.8.0] AndroidManifest.xml:26:9-131
	android:theme
		ADDED from [com.google.android.gms:play-services-ads-lite:9.8.0] AndroidManifest.xml:26:92-129
	android:name
		ADDED from [com.google.android.gms:play-services-ads-lite:9.8.0] AndroidManifest.xml:26:19-91
receiver#com.google.android.gms.measurement.AppMeasurementReceiver
ADDED from [com.google.firebase:firebase-analytics:9.8.0] AndroidManifest.xml:25:7-26:18
MERGED from [com.google.firebase:firebase-analytics-impl:9.8.0] AndroidManifest.xml:25:7-26:18
	android:enabled
		ADDED from [com.google.firebase:firebase-analytics:9.8.0] AndroidManifest.xml:25:90-112
	android:exported
		ADDED from [com.google.firebase:firebase-analytics:9.8.0] AndroidManifest.xml:25:113-137
	android:name
		ADDED from [com.google.firebase:firebase-analytics:9.8.0] AndroidManifest.xml:25:17-89
receiver#com.google.android.gms.measurement.AppMeasurementInstallReferrerReceiver
ADDED from [com.google.firebase:firebase-analytics:9.8.0] AndroidManifest.xml:27:7-31:18
	android:enabled
		ADDED from [com.google.firebase:firebase-analytics:9.8.0] AndroidManifest.xml:27:162-184
	android:permission
		ADDED from [com.google.firebase:firebase-analytics:9.8.0] AndroidManifest.xml:27:105-161
	android:name
		ADDED from [com.google.firebase:firebase-analytics:9.8.0] AndroidManifest.xml:27:17-104
intent-filter#com.android.vending.INSTALL_REFERRER
ADDED from [com.google.firebase:firebase-analytics:9.8.0] AndroidManifest.xml:28:11-30:27
action#com.android.vending.INSTALL_REFERRER
ADDED from [com.google.firebase:firebase-analytics:9.8.0] AndroidManifest.xml:29:15-76
	android:name
		ADDED from [com.google.firebase:firebase-analytics:9.8.0] AndroidManifest.xml:29:23-74
service#com.google.android.gms.measurement.AppMeasurementService
ADDED from [com.google.firebase:firebase-analytics:9.8.0] AndroidManifest.xml:32:7-137
MERGED from [com.google.firebase:firebase-analytics-impl:9.8.0] AndroidManifest.xml:27:7-137
	android:enabled
		ADDED from [com.google.firebase:firebase-analytics:9.8.0] AndroidManifest.xml:32:88-110
	android:exported
		ADDED from [com.google.firebase:firebase-analytics:9.8.0] AndroidManifest.xml:32:111-135
	android:name
		ADDED from [com.google.firebase:firebase-analytics:9.8.0] AndroidManifest.xml:32:16-87
uses-permission#com.google.android.c2dm.permission.RECEIVE
ADDED from [com.google.firebase:firebase-iid:9.8.0] AndroidManifest.xml:22:5-81
	android:name
		ADDED from [com.google.firebase:firebase-iid:9.8.0] AndroidManifest.xml:22:22-79
permission#${applicationId}.permission.C2D_MESSAGE
ADDED from [com.google.firebase:firebase-iid:9.8.0] AndroidManifest.xml:24:5-109
	android:protectionLevel
		ADDED from [com.google.firebase:firebase-iid:9.8.0] AndroidManifest.xml:24:72-107
	android:name
		ADDED from [com.google.firebase:firebase-iid:9.8.0] AndroidManifest.xml:24:17-71
uses-permission#${applicationId}.permission.C2D_MESSAGE
ADDED from [com.google.firebase:firebase-iid:9.8.0] AndroidManifest.xml:26:5-78
	android:name
		ADDED from [com.google.firebase:firebase-iid:9.8.0] AndroidManifest.xml:26:22-76
receiver#com.google.firebase.iid.FirebaseInstanceIdReceiver
ADDED from [com.google.firebase:firebase-iid:9.8.0] AndroidManifest.xml:30:9-36:20
	android:exported
		ADDED from [com.google.firebase:firebase-iid:9.8.0] AndroidManifest.xml:30:85-108
	android:permission
		ADDED from [com.google.firebase:firebase-iid:9.8.0] AndroidManifest.xml:30:109-169
	android:name
		ADDED from [com.google.firebase:firebase-iid:9.8.0] AndroidManifest.xml:30:19-84
intent-filter#${applicationId}+com.google.android.c2dm.intent.RECEIVE+com.google.android.c2dm.intent.REGISTRATION
ADDED from [com.google.firebase:firebase-iid:9.8.0] AndroidManifest.xml:31:13-35:29
action#com.google.android.c2dm.intent.RECEIVE
ADDED from [com.google.firebase:firebase-iid:9.8.0] AndroidManifest.xml:32:17-80
	android:name
		ADDED from [com.google.firebase:firebase-iid:9.8.0] AndroidManifest.xml:32:25-78
action#com.google.android.c2dm.intent.REGISTRATION
ADDED from [com.google.firebase:firebase-iid:9.8.0] AndroidManifest.xml:33:17-85
	android:name
		ADDED from [com.google.firebase:firebase-iid:9.8.0] AndroidManifest.xml:33:25-83
category#${applicationId}
ADDED from [com.google.firebase:firebase-iid:9.8.0] AndroidManifest.xml:34:17-60
	android:name
		ADDED from [com.google.firebase:firebase-iid:9.8.0] AndroidManifest.xml:34:27-58
receiver#com.google.firebase.iid.FirebaseInstanceIdInternalReceiver
ADDED from [com.google.firebase:firebase-iid:9.8.0] AndroidManifest.xml:40:9-119
	android:exported
		ADDED from [com.google.firebase:firebase-iid:9.8.0] AndroidManifest.xml:40:93-117
	android:name
		ADDED from [com.google.firebase:firebase-iid:9.8.0] AndroidManifest.xml:40:19-92
service#com.google.firebase.iid.FirebaseInstanceIdService
ADDED from [com.google.firebase:firebase-iid:9.8.0] AndroidManifest.xml:44:9-48:19
	android:exported
		ADDED from [com.google.firebase:firebase-iid:9.8.0] AndroidManifest.xml:44:83-106
	android:name
		ADDED from [com.google.firebase:firebase-iid:9.8.0] AndroidManifest.xml:44:18-82
intent-filter#com.google.firebase.INSTANCE_ID_EVENT
ADDED from [com.google.firebase:firebase-iid:9.8.0] AndroidManifest.xml:45:13-47:29
	android:priority
		ADDED from [com.google.firebase:firebase-iid:9.8.0] AndroidManifest.xml:45:28-51
action#com.google.firebase.INSTANCE_ID_EVENT
ADDED from [com.google.firebase:firebase-iid:9.8.0] AndroidManifest.xml:46:17-79
	android:name
		ADDED from [com.google.firebase:firebase-iid:9.8.0] AndroidManifest.xml:46:25-77
provider#com.google.firebase.provider.FirebaseInitProvider
ADDED from [com.google.firebase:firebase-common:9.8.0] AndroidManifest.xml:6:9-175
	android:authorities
		ADDED from [com.google.firebase:firebase-common:9.8.0] AndroidManifest.xml:6:19-78
	android:exported
		ADDED from [com.google.firebase:firebase-common:9.8.0] AndroidManifest.xml:6:125-149
	android:initOrder